# JRE version: OpenJDK Runtime Environment (8.0_152) (build 1.8.0_152-release-1343-b16-5323222)
# Java VM: OpenJDK 64-Bit Server VM (25.152-b16-5323222 mixed mode linux-amd64 compressed oops)
Heap:
 PSYoungGen      total 392192K, used 0K [0x00000000e0000000, 0x0000000100000000, 0x0000000100000000)
  eden space 309248K, 0% used [0x00000000e0000000,0x00000000e0000000,0x00000000f2e00000)
  from space 82944K, 0% used [0x00000000f2e00000,0x00000000f2e00000,0x00000000f7f00000)
  to   space 102912K, 0% used [0x00000000f9b80000,0x00000000f9b80000,0x0000000100000000)
 ParOldGen       total 152576K, used 145110K [0x00000000a0000000, 0x00000000a9500000, 0x00000000e0000000)
  object space 152576K, 95% used [0x00000000a0000000,0x00000000a8db5980,0x00000000a9500000)
 Metaspace       used 105139K, capacity 110178K, committed 112128K, reserved 1146880K
  class space    used 12865K, capacity 13853K, committed 14336K, reserved 1048576K
GC Heap History (10 events):
Event: 1665.214 GC heap after
Heap after GC invocations=35 (full 4):
 PSYoungGen      total 273408K, used 50567K [0x00000000e0000000, 0x00000000f8880000, 0x0000000100000000)
  eden space 208384K, 0% used [0x00000000e0000000,0x00000000e0000000,0x00000000ecb80000)
  from space 65024K, 77% used [0x00000000ecb80000,0x00000000efce1fb0,0x00000000f0b00000)
  to   space 69120K, 0% used [0x00000000f4500000,0x00000000f4500000,0x00000000f8880000)
 ParOldGen       total 152576K, used 77518K [0x00000000a0000000, 0x00000000a9500000, 0x00000000e0000000)
  object space 152576K, 50% used [0x00000000a0000000,0x00000000a4bb3940,0x00000000a9500000)
 Metaspace       used 104503K, capacity 110416K, committed 110720K, reserved 1146880K
  class space    used 12966K, capacity 14137K, committed 14208K, reserved 1048576K
}
Event: 1666.040 GC heap before
{Heap before GC invocations=36 (full 4):
 PSYoungGen      total 273408K, used 258951K [0x00000000e0000000, 0x00000000f8880000, 0x0000000100000000)
  eden space 208384K, 100% used [0x00000000e0000000,0x00000000ecb80000,0x00000000ecb80000)
  from space 65024K, 77% used [0x00000000ecb80000,0x00000000efce1fb0,0x00000000f0b00000)
  to   space 69120K, 0% used [0x00000000f4500000,0x00000000f4500000,0x00000000f8880000)
 ParOldGen       total 152576K, used 77518K [0x00000000a0000000, 0x00000000a9500000, 0x00000000e0000000)
  object space 152576K, 50% used [0x00000000a0000000,0x00000000a4bb3940,0x00000000a9500000)
 Metaspace       used 104858K, capacity 110774K, committed 110976K, reserved 1146880K
  class space    used 12982K, capacity 14138K, committed 14208K, reserved 1048576K
Event: 1671.086 GC heap after
Heap after GC invocations=36 (full 4):
 PSYoungGen      total 330752K, used 46378K [0x00000000e0000000, 0x00000000f9100000, 0x0000000100000000)
  eden space 261632K, 0% used [0x00000000e0000000,0x00000000e0000000,0x00000000eff80000)
  from space 69120K, 67% used [0x00000000f4500000,0x00000000f724a8b8,0x00000000f8880000)
  to   space 71168K, 0% used [0x00000000eff80000,0x00000000eff80000,0x00000000f4500000)
 ParOldGen       total 152576K, used 85110K [0x00000000a0000000, 0x00000000a9500000, 0x00000000e0000000)
  object space 152576K, 55% used [0x00000000a0000000,0x00000000a531db30,0x00000000a9500000)
 Metaspace       used 104858K, capacity 110774K, committed 110976K, reserved 1146880K
  class space    used 12982K, capacity 14138K, committed 14208K, reserved 1048576K
}
Event: 1673.706 GC heap before
{Heap before GC invocations=37 (full 4):
 PSYoungGen      total 330752K, used 307613K [0x00000000e0000000, 0x00000000f9100000, 0x0000000100000000)
  eden space 261632K, 99% used [0x00000000e0000000,0x00000000eff1ccd8,0x00000000eff80000)
  from space 69120K, 67% used [0x00000000f4500000,0x00000000f724a8b8,0x00000000f8880000)
  to   space 71168K, 0% used [0x00000000eff80000,0x00000000eff80000,0x00000000f4500000)
 ParOldGen       total 152576K, used 85110K [0x00000000a0000000, 0x00000000a9500000, 0x00000000e0000000)
  object space 152576K, 55% used [0x00000000a0000000,0x00000000a531db30,0x00000000a9500000)
 Metaspace       used 105306K, capacity 111258K, committed 111488K, reserved 1146880K
  class space    used 13005K, capacity 14182K, committed 14208K, reserved 1048576K
Event: 1674.446 GC heap after
Heap after GC invocations=37 (full 4):
 PSYoungGen      total 332800K, used 27673K [0x00000000e0000000, 0x00000000fc180000, 0x0000000100000000)
  eden space 261632K, 0% used [0x00000000e0000000,0x00000000e0000000,0x00000000eff80000)
  from space 71168K, 38% used [0x00000000eff80000,0x00000000f1a865e8,0x00000000f4500000)
  to   space 68096K, 0% used [0x00000000f7f00000,0x00000000f7f00000,0x00000000fc180000)
 ParOldGen       total 152576K, used 99567K [0x00000000a0000000, 0x00000000a9500000, 0x00000000e0000000)
  object space 152576K, 65% used [0x00000000a0000000,0x00000000a613bf20,0x00000000a9500000)
 Metaspace       used 105306K, capacity 111258K, committed 111488K, reserved 1146880K
  class space    used 13005K, capacity 14182K, committed 14208K, reserved 1048576K
}
Event: 1676.219 GC heap before
{Heap before GC invocations=38 (full 4):
 PSYoungGen      total 332800K, used 282758K [0x00000000e0000000, 0x00000000fc180000, 0x0000000100000000)
  eden space 261632K, 97% used [0x00000000e0000000,0x00000000ef91b338,0x00000000eff80000)
  from space 71168K, 38% used [0x00000000eff80000,0x00000000f1a865e8,0x00000000f4500000)
  to   space 68096K, 0% used [0x00000000f7f00000,0x00000000f7f00000,0x00000000fc180000)
 ParOldGen       total 152576K, used 99567K [0x00000000a0000000, 0x00000000a9500000, 0x00000000e0000000)
  object space 152576K, 65% used [0x00000000a0000000,0x00000000a613bf20,0x00000000a9500000)
 Metaspace       used 105802K, capacity 111802K, committed 112128K, reserved 1146880K
  class space    used 13053K, capacity 14236K, committed 14336K, reserved 1048576K
Event: 1678.260 GC heap after
Heap after GC invocations=38 (full 4):
 PSYoungGen      total 377344K, used 68080K [0x00000000e0000000, 0x00000000fdf00000, 0x0000000100000000)
  eden space 309248K, 0% used [0x00000000e0000000,0x00000000e0000000,0x00000000f2e00000)
  from space 68096K, 99% used [0x00000000f7f00000,0x00000000fc17c2a8,0x00000000fc180000)
  to   space 82944K, 0% used [0x00000000f2e00000,0x00000000f2e00000,0x00000000f7f00000)
 ParOldGen       total 152576K, used 112981K [0x00000000a0000000, 0x00000000a9500000, 0x00000000e0000000)
  object space 152576K, 74% used [0x00000000a0000000,0x00000000a6e55518,0x00000000a9500000)
 Metaspace       used 105802K, capacity 111802K, committed 112128K, reserved 1146880K
  class space    used 13053K, capacity 14236K, committed 14336K, reserved 1048576K
}
Event: 1680.674 GC heap before
{Heap before GC invocations=39 (full 4):
 PSYoungGen      total 377344K, used 377328K [0x00000000e0000000, 0x00000000fdf00000, 0x0000000100000000)
  eden space 309248K, 100% used [0x00000000e0000000,0x00000000f2e00000,0x00000000f2e00000)
  from space 68096K, 99% used [0x00000000f7f00000,0x00000000fc17c2a8,0x00000000fc180000)
  to   space 82944K, 0% used [0x00000000f2e00000,0x00000000f2e00000,0x00000000f7f00000)
 ParOldGen       total 152576K, used 112981K [0x00000000a0000000, 0x00000000a9500000, 0x00000000e0000000)
  object space 152576K, 74% used [0x00000000a0000000,0x00000000a6e55518,0x00000000a9500000)
 Metaspace       used 105903K, capacity 111948K, committed 112128K, reserved 1146880K
  class space    used 13057K, capacity 14241K, committed 14336K, reserved 1048576K
Event: 1684.099 GC heap after
Heap after GC invocations=39 (full 4):
 PSYoungGen      total 392192K, used 82925K [0x00000000e0000000, 0x0000000100000000, 0x0000000100000000)
  eden space 309248K, 0% used [0x00000000e0000000,0x00000000e0000000,0x00000000f2e00000)
  from space 82944K, 99% used [0x00000000f2e00000,0x00000000f7efb7d0,0x00000000f7f00000)
  to   space 102912K, 0% used [0x00000000f9b80000,0x00000000f9b80000,0x0000000100000000)
 ParOldGen       total 152576K, used 134482K [0x00000000a0000000, 0x00000000a9500000, 0x00000000e0000000)
  object space 152576K, 88% used [0x00000000a0000000,0x00000000a83548b8,0x00000000a9500000)
 Metaspace       used 105903K, capacity 111948K, committed 112128K, reserved 1146880K
  class space    used 13057K, capacity 14241K, committed 14336K, reserved 1048576K
}
Event: 1684.195 GC heap before
{Heap before GC invocations=40 (full 5):
 PSYoungGen      total 392192K, used 82925K [0x00000000e0000000, 0x0000000100000000, 0x0000000100000000)
  eden space 309248K, 0% used [0x00000000e0000000,0x00000000e0000000,0x00000000f2e00000)
  from space 82944K, 99% used [0x00000000f2e00000,0x00000000f7efb7d0,0x00000000f7f00000)
  to   space 102912K, 0% used [0x00000000f9b80000,0x00000000f9b80000,0x0000000100000000)
 ParOldGen       total 152576K, used 134482K [0x00000000a0000000, 0x00000000a9500000, 0x00000000e0000000)
  object space 152576K, 88% used [0x00000000a0000000,0x00000000a83548b8,0x00000000a9500000)
 Metaspace       used 105903K, capacity 111948K, committed 112128K, reserved 1146880K
  class space    used 13057K, capacity 14241K, committed 14336K, reserved 1048576K

